<?xml version="1.0" encoding="UTF-8"?>
<!-- Generated by org.testng.reporters.JUnitReportReporter -->
<testsuite skipped="0" hostname="user" name="GuruProject.BankTestClass" tests="1" failures="0" timestamp="2024-06-13T17:28:41 IST" time="19.693" errors="0">
  <testcase name="test" time="19.693" classname="GuruProject.BankTestClass"/>
  <system-out/>
</testsuite> <!-- GuruProject.BankTestClass -->
